Build started 04-04-2022 10:38:54 AM.
     1>Project "F:\C++ Programs\6.Class_ShapeF\Class_ShapeF\Class_ShapeF.vcxproj" on node 2 (build target(s)).
     1>InitializeBuildStatus:
         Creating "Debug\Class_ShapeF.unsuccessfulbuild" because "AlwaysCreate" was specified.
       ClCompile:
         All outputs are up-to-date.
         C:\Program Files (x86)\Microsoft Visual Studio 10.0\VC\bin\CL.exe /c /ZI /nologo /W3 /WX- /Od /Oy- /D WIN32 /D _DEBUG /D _CONSOLE /D _UNICODE /D UNICODE /Gm /EHsc /RTC1 /MDd /GS /fp:precise /Zc:wchar_t /Zc:forScope /Yu"StdAfx.h" /Fp"Debug\Class_ShapeF.pch" /Fo"Debug\\" /Fd"Debug\vc100.pdb" /Gd /TP /analyze- /errorReport:prompt Class_ShapeF.cpp functions.cpp
         functions.cpp
     1>f:\c++ programs\6.class_shapef\class_shapef\shape.h(26): warning C4237: 'export' keyword is not yet supported, but reserved for future use
     1>f:\c++ programs\6.class_shapef\class_shapef\circle.h(22): warning C4237: 'export' keyword is not yet supported, but reserved for future use
     1>f:\c++ programs\6.class_shapef\class_shapef\square.h(24): warning C4237: 'export' keyword is not yet supported, but reserved for future use
     1>f:\c++ programs\6.class_shapef\class_shapef\triangle.h(26): warning C4237: 'export' keyword is not yet supported, but reserved for future use
     1>f:\c++ programs\6.class_shapef\class_shapef\rectangle1.h(22): warning C4237: 'export' keyword is not yet supported, but reserved for future use
     1>f:\c++ programs\6.class_shapef\class_shapef\functions.h(33): warning C4237: 'export' keyword is not yet supported, but reserved for future use
     1>f:\c++ programs\6.class_shapef\class_shapef\functions.cpp(117): warning C4018: '<' : signed/unsigned mismatch
     1>f:\c++ programs\6.class_shapef\class_shapef\functions.cpp(136): warning C4018: '<' : signed/unsigned mismatch
     1>f:\c++ programs\6.class_shapef\class_shapef\functions.cpp(155): warning C4018: '<' : signed/unsigned mismatch
     1>f:\c++ programs\6.class_shapef\class_shapef\functions.cpp(174): warning C4018: '<' : signed/unsigned mismatch
     1>f:\c++ programs\6.class_shapef\class_shapef\functions.cpp(200): warning C4018: '<' : signed/unsigned mismatch
     1>f:\c++ programs\6.class_shapef\class_shapef\functions.cpp(218): warning C4018: '<' : signed/unsigned mismatch
     1>f:\c++ programs\6.class_shapef\class_shapef\functions.cpp(237): warning C4018: '<' : signed/unsigned mismatch
     1>f:\c++ programs\6.class_shapef\class_shapef\functions.cpp(254): warning C4018: '<' : signed/unsigned mismatch
     1>f:\c++ programs\6.class_shapef\class_shapef\functions.cpp(273): warning C4237: 'export' keyword is not yet supported, but reserved for future use
     1>f:\c++ programs\6.class_shapef\class_shapef\functions.cpp(288): warning C4018: '<' : signed/unsigned mismatch
     1>f:\c++ programs\6.class_shapef\class_shapef\functions.cpp(297): warning C4018: '<' : signed/unsigned mismatch
     1>f:\c++ programs\6.class_shapef\class_shapef\functions.cpp(306): warning C4018: '<' : signed/unsigned mismatch
     1>f:\c++ programs\6.class_shapef\class_shapef\functions.cpp(315): warning C4018: '<' : signed/unsigned mismatch
         Generating Code...
         Skipping... (no relevant changes detected)
         Class_ShapeF.cpp
       ManifestResourceCompile:
         All outputs are up-to-date.
       Link:
         C:\Program Files (x86)\Microsoft Visual Studio 10.0\VC\bin\link.exe /ERRORREPORT:PROMPT /OUT:"F:\C++ Programs\6.Class_ShapeF\Debug\Class_ShapeF.exe" /INCREMENTAL /NOLOGO kernel32.lib user32.lib gdi32.lib winspool.lib comdlg32.lib advapi32.lib shell32.lib ole32.lib oleaut32.lib uuid.lib odbc32.lib odbccp32.lib /MANIFEST /ManifestFile:"Debug\Class_ShapeF.exe.intermediate.manifest" /MANIFESTUAC:"level='asInvoker' uiAccess='false'" /DEBUG /PDB:"F:\C++ Programs\6.Class_ShapeF\Debug\Class_ShapeF.pdb" /SUBSYSTEM:CONSOLE /TLBID:1 /DYNAMICBASE /NXCOMPAT /IMPLIB:"F:\C++ Programs\6.Class_ShapeF\Debug\Class_ShapeF.lib" /MACHINE:X86 Debug\Class_ShapeF.exe.embed.manifest.res
         Debug\functions.obj
         Debug\Circle.obj
         Debug\Class_ShapeF.obj
         Debug\Rectangle1.obj
         Debug\Shape.obj
         Debug\Square.obj
         Debug\stdafx.obj
         Debug\Triangle.obj
       Manifest:
         C:\Program Files (x86)\Microsoft SDKs\Windows\v7.0A\bin\mt.exe /nologo /verbose /out:"Debug\Class_ShapeF.exe.embed.manifest" /manifest Debug\Class_ShapeF.exe.intermediate.manifest
         All outputs are up-to-date.
       LinkEmbedManifest:
         All outputs are up-to-date.
         Class_ShapeF.vcxproj -> F:\C++ Programs\6.Class_ShapeF\Debug\Class_ShapeF.exe
       FinalizeBuildStatus:
         Deleting file "Debug\Class_ShapeF.unsuccessfulbuild".
         Touching "Debug\Class_ShapeF.lastbuildstate".
     1>Done Building Project "F:\C++ Programs\6.Class_ShapeF\Class_ShapeF\Class_ShapeF.vcxproj" (build target(s)).

Build succeeded.

Time Elapsed 00:00:01.52
