F:\C++ PROGRAMS\4.CLASS_SHAPEF\CLASS_SHAPEF\DEBUG\CIRCLE.OBJ
F:\C++ PROGRAMS\4.CLASS_SHAPEF\CLASS_SHAPEF\DEBUG\CLASS_SHAPEF.EXE.EMBED.MANIFEST.RES
F:\C++ PROGRAMS\4.CLASS_SHAPEF\CLASS_SHAPEF\DEBUG\CLASS_SHAPEF.EXE.INTERMEDIATE.MANIFEST
F:\C++ PROGRAMS\4.CLASS_SHAPEF\CLASS_SHAPEF\DEBUG\CLASS_SHAPEF.OBJ
F:\C++ PROGRAMS\4.CLASS_SHAPEF\CLASS_SHAPEF\DEBUG\CLASS_SHAPEF.PCH
F:\C++ PROGRAMS\4.CLASS_SHAPEF\CLASS_SHAPEF\DEBUG\DELETE_SHAPE.OBJ
F:\C++ PROGRAMS\4.CLASS_SHAPEF\CLASS_SHAPEF\DEBUG\RECTANGLE1.OBJ
F:\C++ PROGRAMS\4.CLASS_SHAPEF\CLASS_SHAPEF\DEBUG\SHAPE.OBJ
F:\C++ PROGRAMS\4.CLASS_SHAPEF\CLASS_SHAPEF\DEBUG\SQUARE.OBJ
F:\C++ PROGRAMS\4.CLASS_SHAPEF\CLASS_SHAPEF\DEBUG\STDAFX.OBJ
F:\C++ PROGRAMS\4.CLASS_SHAPEF\CLASS_SHAPEF\DEBUG\TRIANGLE.OBJ
F:\C++ PROGRAMS\4.CLASS_SHAPEF\CLASS_SHAPEF\DEBUG\VC100.PDB
F:\C++ PROGRAMS\4.CLASS_SHAPEF\DEBUG\CLASS_SHAPEF.EXE
F:\C++ PROGRAMS\4.CLASS_SHAPEF\DEBUG\CLASS_SHAPEF.ILK
F:\C++ PROGRAMS\4.CLASS_SHAPEF\DEBUG\CLASS_SHAPEF.PDB
F:\C++ PROGRAMS\6.CLASS_SHAPEF\CLASS_SHAPEF\DEBUG\CIRCLE.OBJ
F:\C++ Programs\6.Class_ShapeF\Class_ShapeF\Debug\cl.command.1.tlog
F:\C++ Programs\6.Class_ShapeF\Class_ShapeF\Debug\CL.read.1.tlog
F:\C++ Programs\6.Class_ShapeF\Class_ShapeF\Debug\CL.write.1.tlog
F:\C++ Programs\6.Class_ShapeF\Class_ShapeF\Debug\Class_ShapeF.exe.embed.manifest
F:\C++ PROGRAMS\6.CLASS_SHAPEF\CLASS_SHAPEF\DEBUG\CLASS_SHAPEF.EXE.EMBED.MANIFEST.RES
F:\C++ Programs\6.Class_ShapeF\Class_ShapeF\Debug\Class_ShapeF.exe.intermediate.manifest
F:\C++ PROGRAMS\6.CLASS_SHAPEF\CLASS_SHAPEF\DEBUG\CLASS_SHAPEF.PCH
F:\C++ Programs\6.Class_ShapeF\Class_ShapeF\Debug\Class_ShapeF.vcxprojResolveAssemblyReference.cache
F:\C++ Programs\6.Class_ShapeF\Class_ShapeF\Debug\Class_ShapeF.write.1.tlog
F:\C++ Programs\6.Class_ShapeF\Class_ShapeF\Debug\Class_ShapeF_manifest.rc
F:\C++ Programs\6.Class_ShapeF\Class_ShapeF\Debug\delete_shape.obj
F:\C++ Programs\6.Class_ShapeF\Class_ShapeF\Debug\link.10888.read.1.tlog
F:\C++ Programs\6.Class_ShapeF\Class_ShapeF\Debug\link.10888.write.1.tlog
F:\C++ Programs\6.Class_ShapeF\Class_ShapeF\Debug\link.10888-cvtres.read.1.tlog
F:\C++ Programs\6.Class_ShapeF\Class_ShapeF\Debug\link.10888-cvtres.write.1.tlog
F:\C++ Programs\6.Class_ShapeF\Class_ShapeF\Debug\link.1236.read.1.tlog
F:\C++ Programs\6.Class_ShapeF\Class_ShapeF\Debug\link.1236.write.1.tlog
F:\C++ Programs\6.Class_ShapeF\Class_ShapeF\Debug\link.1236-cvtres.read.1.tlog
F:\C++ Programs\6.Class_ShapeF\Class_ShapeF\Debug\link.1236-cvtres.write.1.tlog
F:\C++ Programs\6.Class_ShapeF\Class_ShapeF\Debug\link.12500.read.1.tlog
F:\C++ Programs\6.Class_ShapeF\Class_ShapeF\Debug\link.12500.write.1.tlog
F:\C++ Programs\6.Class_ShapeF\Class_ShapeF\Debug\link.12500-cvtres.read.1.tlog
F:\C++ Programs\6.Class_ShapeF\Class_ShapeF\Debug\link.12500-cvtres.write.1.tlog
F:\C++ Programs\6.Class_ShapeF\Class_ShapeF\Debug\link.1376.read.1.tlog
F:\C++ Programs\6.Class_ShapeF\Class_ShapeF\Debug\link.1376.write.1.tlog
F:\C++ Programs\6.Class_ShapeF\Class_ShapeF\Debug\link.1376-cvtres.read.1.tlog
F:\C++ Programs\6.Class_ShapeF\Class_ShapeF\Debug\link.1376-cvtres.write.1.tlog
F:\C++ Programs\6.Class_ShapeF\Class_ShapeF\Debug\link.14280.read.1.tlog
F:\C++ Programs\6.Class_ShapeF\Class_ShapeF\Debug\link.14280.write.1.tlog
F:\C++ Programs\6.Class_ShapeF\Class_ShapeF\Debug\link.14280-cvtres.read.1.tlog
F:\C++ Programs\6.Class_ShapeF\Class_ShapeF\Debug\link.14280-cvtres.write.1.tlog
F:\C++ Programs\6.Class_ShapeF\Class_ShapeF\Debug\link.14824.read.1.tlog
F:\C++ Programs\6.Class_ShapeF\Class_ShapeF\Debug\link.14824.write.1.tlog
F:\C++ Programs\6.Class_ShapeF\Class_ShapeF\Debug\link.14824-cvtres.read.1.tlog
F:\C++ Programs\6.Class_ShapeF\Class_ShapeF\Debug\link.14824-cvtres.write.1.tlog
F:\C++ Programs\6.Class_ShapeF\Class_ShapeF\Debug\link.5932.read.1.tlog
F:\C++ Programs\6.Class_ShapeF\Class_ShapeF\Debug\link.5932.write.1.tlog
F:\C++ Programs\6.Class_ShapeF\Class_ShapeF\Debug\link.5932-cvtres.read.1.tlog
F:\C++ Programs\6.Class_ShapeF\Class_ShapeF\Debug\link.5932-cvtres.write.1.tlog
F:\C++ Programs\6.Class_ShapeF\Class_ShapeF\Debug\link.command.1.tlog
F:\C++ Programs\6.Class_ShapeF\Class_ShapeF\Debug\link.read.1.tlog
F:\C++ Programs\6.Class_ShapeF\Class_ShapeF\Debug\link.write.1.tlog
F:\C++ Programs\6.Class_ShapeF\Class_ShapeF\Debug\link-cvtres.read.1.tlog
F:\C++ Programs\6.Class_ShapeF\Class_ShapeF\Debug\link-cvtres.write.1.tlog
F:\C++ Programs\6.Class_ShapeF\Class_ShapeF\Debug\mt.command.1.tlog
F:\C++ Programs\6.Class_ShapeF\Class_ShapeF\Debug\mt.read.1.tlog
F:\C++ Programs\6.Class_ShapeF\Class_ShapeF\Debug\mt.write.1.tlog
F:\C++ Programs\6.Class_ShapeF\Class_ShapeF\Debug\rc.command.1.tlog
F:\C++ Programs\6.Class_ShapeF\Class_ShapeF\Debug\rc.read.1.tlog
F:\C++ Programs\6.Class_ShapeF\Class_ShapeF\Debug\rc.write.1.tlog
F:\C++ PROGRAMS\6.CLASS_SHAPEF\CLASS_SHAPEF\DEBUG\RECTANGLE1.OBJ
F:\C++ PROGRAMS\6.CLASS_SHAPEF\CLASS_SHAPEF\DEBUG\SHAPE.OBJ
F:\C++ PROGRAMS\6.CLASS_SHAPEF\CLASS_SHAPEF\DEBUG\SQUARE.OBJ
F:\C++ PROGRAMS\6.CLASS_SHAPEF\CLASS_SHAPEF\DEBUG\STDAFX.OBJ
F:\C++ PROGRAMS\6.CLASS_SHAPEF\CLASS_SHAPEF\DEBUG\TRIANGLE.OBJ
F:\C++ Programs\6.Class_ShapeF\Class_ShapeF\Debug\vc100.idb
F:\C++ PROGRAMS\6.CLASS_SHAPEF\CLASS_SHAPEF\DEBUG\VC100.PDB
F:\C++ Programs\6.Class_ShapeF\Debug\Class_ShapeF.pdb
F:\C++ PROGRAMS\CLASS_SHAPEF\CLASS_SHAPEF\DEBUG\CIRCLE.OBJ
F:\C++ PROGRAMS\CLASS_SHAPEF\CLASS_SHAPEF\DEBUG\CLASS_SHAPEF.EXE.EMBED.MANIFEST
F:\C++ PROGRAMS\CLASS_SHAPEF\CLASS_SHAPEF\DEBUG\CLASS_SHAPEF.EXE.EMBED.MANIFEST.RES
F:\C++ PROGRAMS\CLASS_SHAPEF\CLASS_SHAPEF\DEBUG\CLASS_SHAPEF.OBJ
F:\C++ PROGRAMS\CLASS_SHAPEF\CLASS_SHAPEF\DEBUG\CLASS_SHAPEF.PCH
F:\C++ PROGRAMS\CLASS_SHAPEF\CLASS_SHAPEF\DEBUG\RECTANGLE1.OBJ
F:\C++ PROGRAMS\CLASS_SHAPEF\CLASS_SHAPEF\DEBUG\SHAPE.OBJ
F:\C++ PROGRAMS\CLASS_SHAPEF\CLASS_SHAPEF\DEBUG\SQUARE.OBJ
F:\C++ PROGRAMS\CLASS_SHAPEF\CLASS_SHAPEF\DEBUG\STDAFX.OBJ
F:\C++ PROGRAMS\CLASS_SHAPEF\CLASS_SHAPEF\DEBUG\TRIANGLE.OBJ
F:\C++ PROGRAMS\CLASS_SHAPEF\CLASS_SHAPEF\DEBUG\VC100.PDB
