Build started 06-04-2022 5:31:58 PM.
     1>Project "F:\C++ Programs\Expression Evaluator\Expression Evaluator\Expression Evaluator.vcxproj" on node 2 (build target(s)).
     1>InitializeBuildStatus:
         Creating "Debug\Expression Evaluator.unsuccessfulbuild" because "AlwaysCreate" was specified.
       ClCompile:
         All outputs are up-to-date.
         C:\Program Files (x86)\Microsoft Visual Studio 10.0\VC\bin\CL.exe /c /ZI /nologo /W3 /WX- /Od /Oy- /D WIN32 /D _DEBUG /D _CONSOLE /D _UNICODE /D UNICODE /Gm /EHsc /RTC1 /MDd /GS /fp:precise /Zc:wchar_t /Zc:forScope /Yu"StdAfx.h" /Fp"Debug\Expression Evaluator.pch" /Fo"Debug\\" /Fd"Debug\vc100.pdb" /Gd /TP /analyze- /errorReport:prompt "Expression Evaluator.cpp"
         Expression Evaluator.cpp
     1>f:\c++ programs\expression evaluator\expression evaluator\expression evaluator.cpp(245): warning C4244: 'argument' : conversion from 'double' to 'float', possible loss of data
     1>f:\c++ programs\expression evaluator\expression evaluator\expression evaluator.cpp(245): warning C4244: 'argument' : conversion from 'double' to 'float', possible loss of data
     1>f:\c++ programs\expression evaluator\expression evaluator\expression evaluator.cpp(396): warning C4018: '<' : signed/unsigned mismatch
     1>f:\c++ programs\expression evaluator\expression evaluator\expression evaluator.cpp(330): warning C4715: 'CreateNode' : not all control paths return a value
       ManifestResourceCompile:
         All outputs are up-to-date.
       Link:
         C:\Program Files (x86)\Microsoft Visual Studio 10.0\VC\bin\link.exe /ERRORREPORT:PROMPT /OUT:"F:\C++ Programs\Expression Evaluator\Debug\Expression Evaluator.exe" /INCREMENTAL /NOLOGO kernel32.lib user32.lib gdi32.lib winspool.lib comdlg32.lib advapi32.lib shell32.lib ole32.lib oleaut32.lib uuid.lib odbc32.lib odbccp32.lib /MANIFEST /ManifestFile:"Debug\Expression Evaluator.exe.intermediate.manifest" /MANIFESTUAC:"level='asInvoker' uiAccess='false'" /DEBUG /PDB:"F:\C++ Programs\Expression Evaluator\Debug\Expression Evaluator.pdb" /SUBSYSTEM:CONSOLE /TLBID:1 /DYNAMICBASE /NXCOMPAT /IMPLIB:"F:\C++ Programs\Expression Evaluator\Debug\Expression Evaluator.lib" /MACHINE:X86 "Debug\Expression Evaluator.exe.embed.manifest.res"
         "Debug\Expression Evaluator.obj"
         Debug\stdafx.obj
       Manifest:
         C:\Program Files (x86)\Microsoft SDKs\Windows\v7.0A\bin\mt.exe /nologo /verbose /out:"Debug\Expression Evaluator.exe.embed.manifest" /manifest "Debug\Expression Evaluator.exe.intermediate.manifest"
         All outputs are up-to-date.
       LinkEmbedManifest:
         All outputs are up-to-date.
         Expression Evaluator.vcxproj -> F:\C++ Programs\Expression Evaluator\Debug\Expression Evaluator.exe
       FinalizeBuildStatus:
         Deleting file "Debug\Expression Evaluator.unsuccessfulbuild".
         Touching "Debug\Expression Evaluator.lastbuildstate".
     1>Done Building Project "F:\C++ Programs\Expression Evaluator\Expression Evaluator\Expression Evaluator.vcxproj" (build target(s)).

Build succeeded.

Time Elapsed 00:00:00.79
