F:\C++ PROGRAMS\CLASS BIGINT\CLASS BIGINT\DEBUG\BIGINT.OBJ
F:\C++ Programs\Class BigInt\Class BigInt\Debug\cl.command.1.tlog
F:\C++ Programs\Class BigInt\Class BigInt\Debug\CL.read.1.tlog
F:\C++ Programs\Class BigInt\Class BigInt\Debug\CL.write.1.tlog
F:\C++ PROGRAMS\CLASS BIGINT\CLASS BIGINT\DEBUG\CLASS BIGINT.EXE.EMBED.MANIFEST
F:\C++ PROGRAMS\CLASS BIGINT\CLASS BIGINT\DEBUG\CLASS BIGINT.EXE.EMBED.MANIFEST.RES
F:\C++ PROGRAMS\CLASS BIGINT\CLASS BIGINT\DEBUG\CLASS BIGINT.EXE.INTERMEDIATE.MANIFEST
F:\C++ PROGRAMS\CLASS BIGINT\CLASS BIGINT\DEBUG\CLASS BIGINT.OBJ
F:\C++ PROGRAMS\CLASS BIGINT\CLASS BIGINT\DEBUG\CLASS BIGINT.PCH
F:\C++ Programs\Class BigInt\Class BigInt\Debug\Class BigInt.write.1.tlog
F:\C++ Programs\Class BigInt\Class BigInt\Debug\Class BigInt_manifest.rc
F:\C++ Programs\Class BigInt\Class BigInt\Debug\link.8876.read.1.tlog
F:\C++ Programs\Class BigInt\Class BigInt\Debug\link.8876.write.1.tlog
F:\C++ Programs\Class BigInt\Class BigInt\Debug\link.8876-cvtres.read.1.tlog
F:\C++ Programs\Class BigInt\Class BigInt\Debug\link.8876-cvtres.write.1.tlog
F:\C++ Programs\Class BigInt\Class BigInt\Debug\link.command.1.tlog
F:\C++ Programs\Class BigInt\Class BigInt\Debug\link.read.1.tlog
F:\C++ Programs\Class BigInt\Class BigInt\Debug\link.write.1.tlog
F:\C++ Programs\Class BigInt\Class BigInt\Debug\link-cvtres.read.1.tlog
F:\C++ Programs\Class BigInt\Class BigInt\Debug\link-cvtres.write.1.tlog
F:\C++ Programs\Class BigInt\Class BigInt\Debug\mt.command.1.tlog
F:\C++ Programs\Class BigInt\Class BigInt\Debug\mt.read.1.tlog
F:\C++ Programs\Class BigInt\Class BigInt\Debug\mt.write.1.tlog
F:\C++ Programs\Class BigInt\Class BigInt\Debug\rc.command.1.tlog
F:\C++ Programs\Class BigInt\Class BigInt\Debug\rc.read.1.tlog
F:\C++ Programs\Class BigInt\Class BigInt\Debug\rc.write.1.tlog
F:\C++ PROGRAMS\CLASS BIGINT\CLASS BIGINT\DEBUG\STDAFX.OBJ
F:\C++ Programs\Class BigInt\Class BigInt\Debug\vc100.idb
F:\C++ PROGRAMS\CLASS BIGINT\CLASS BIGINT\DEBUG\VC100.PDB
F:\C++ PROGRAMS\CLASS BIGINT\DEBUG\CLASS BIGINT.EXE
F:\C++ PROGRAMS\CLASS BIGINT\DEBUG\CLASS BIGINT.ILK
F:\C++ PROGRAMS\CLASS BIGINT\DEBUG\CLASS BIGINT.PDB
