Build started 07-04-2022 9:25:28 AM.
     1>Project "F:\C++ Programs\5. Student ClassF\Student ClassF\Student ClassF.vcxproj" on node 2 (build target(s)).
     1>InitializeBuildStatus:
         Creating "Debug\Student ClassF.unsuccessfulbuild" because "AlwaysCreate" was specified.
       ClCompile:
         All outputs are up-to-date.
         C:\Program Files (x86)\Microsoft Visual Studio 10.0\VC\bin\CL.exe /c /Zi /nologo /W3 /WX- /Od /Oy- /D WIN32 /D _DEBUG /D _CONSOLE /D _UNICODE /D UNICODE /Gm /EHsc /RTC1 /MDd /GS /fp:precise /Zc:wchar_t /Zc:forScope /Yu"StdAfx.h" /Fp"Debug\Student ClassF.pch" /Fo"Debug\\" /Fd"Debug\vc100.pdb" /Gd /TP /analyze- /errorReport:prompt Functions.cpp
         Functions.cpp
     1>Functions.cpp(72): warning C4018: '<' : signed/unsigned mismatch
     1>Functions.cpp(86): warning C4018: '<' : signed/unsigned mismatch
     1>Functions.cpp(113): warning C4018: '<' : signed/unsigned mismatch
     1>Functions.cpp(118): warning C4018: '<' : signed/unsigned mismatch
     1>Functions.cpp(124): warning C4018: '<' : signed/unsigned mismatch
     1>Functions.cpp(155): warning C4018: '<' : signed/unsigned mismatch
     1>Functions.cpp(159): warning C4018: '<' : signed/unsigned mismatch
     1>Functions.cpp(163): warning C4018: '<' : signed/unsigned mismatch
     1>Functions.cpp(194): warning C4018: '<' : signed/unsigned mismatch
     1>Functions.cpp(221): warning C4018: '<' : signed/unsigned mismatch
     1>Functions.cpp(272): warning C4018: '<' : signed/unsigned mismatch
     1>Functions.cpp(282): warning C4018: '<' : signed/unsigned mismatch
     1>Functions.cpp(303): warning C4018: '<' : signed/unsigned mismatch
     1>Functions.cpp(327): warning C4018: '<' : signed/unsigned mismatch
     1>Functions.cpp(378): warning C4018: '<' : signed/unsigned mismatch
     1>Functions.cpp(390): warning C4018: '<' : signed/unsigned mismatch
     1>Functions.cpp(412): warning C4018: '<' : signed/unsigned mismatch
     1>Functions.cpp(439): warning C4018: '<' : signed/unsigned mismatch
     1>Functions.cpp(470): warning C4018: '<' : signed/unsigned mismatch
     1>Functions.cpp(545): warning C4018: '<' : signed/unsigned mismatch
     1>Functions.cpp(570): warning C4018: '<' : signed/unsigned mismatch
     1>Functions.cpp(605): warning C4018: '<' : signed/unsigned mismatch
     1>Functions.cpp(625): warning C4018: '<' : signed/unsigned mismatch
       ManifestResourceCompile:
         All outputs are up-to-date.
       Link:
         C:\Program Files (x86)\Microsoft Visual Studio 10.0\VC\bin\link.exe /ERRORREPORT:PROMPT /OUT:"F:\C++ Programs\5. Student ClassF\Debug\Student ClassF.exe" /INCREMENTAL /NOLOGO kernel32.lib user32.lib gdi32.lib winspool.lib comdlg32.lib advapi32.lib shell32.lib ole32.lib oleaut32.lib uuid.lib odbc32.lib odbccp32.lib /MANIFEST /ManifestFile:"Debug\Student ClassF.exe.intermediate.manifest" /MANIFESTUAC:"level='asInvoker' uiAccess='false'" /DEBUG /PDB:"F:\C++ Programs\5. Student ClassF\Debug\Student ClassF.pdb" /SUBSYSTEM:CONSOLE /TLBID:1 /DYNAMICBASE /NXCOMPAT /IMPLIB:"F:\C++ Programs\5. Student ClassF\Debug\Student ClassF.lib" /MACHINE:X86 "Debug\Student ClassF.exe.embed.manifest.res"
         Debug\Division.obj
         Debug\Functions.obj
         Debug\Standard.obj
         Debug\stdafx.obj
         "Debug\Student ClassF.obj"
         Debug\Student.obj
       Manifest:
         C:\Program Files (x86)\Microsoft SDKs\Windows\v7.0A\bin\mt.exe /nologo /verbose /out:"Debug\Student ClassF.exe.embed.manifest" /manifest "Debug\Student ClassF.exe.intermediate.manifest"
         All outputs are up-to-date.
       LinkEmbedManifest:
         All outputs are up-to-date.
         Student ClassF.vcxproj -> F:\C++ Programs\5. Student ClassF\Debug\Student ClassF.exe
       FinalizeBuildStatus:
         Deleting file "Debug\Student ClassF.unsuccessfulbuild".
         Touching "Debug\Student ClassF.lastbuildstate".
     1>Done Building Project "F:\C++ Programs\5. Student ClassF\Student ClassF\Student ClassF.vcxproj" (build target(s)).

Build succeeded.

Time Elapsed 00:00:01.23
